Using pre-set license

 COMMAND LINE ARGUMENTS:
/Applications/Unity/Hub/Editor/2020.3.1f1/Unity.app/Contents/MacOS/Unity
-adb2
-batchMode
-noUpm
-name
AssetImportWorker0
-projectPath
/Users/kshitizbisht/Desktop/teamproject/cs34-main
-logFile
Logs/AssetImportWorker0.log
-srvPort
63925
Successfully changed project path to: /Users/kshitizbisht/Desktop/teamproject/cs34-main
/Users/kshitizbisht/Desktop/teamproject/cs34-main
Using Asset Import Pipeline V2.
Refreshing native plugins compatible for Editor in 117.23 ms, found 4 plugins.
Preloading 0 native plugins for Editor in 0.00 ms.
Initialize engine version: 2020.3.1f1 (77a89f25062f)
[Subsystems] Discovering subsystems at path /Applications/Unity/Hub/Editor/2020.3.1f1/Unity.app/Contents/Resources/UnitySubsystems
[Subsystems] Discovering subsystems at path /Users/kshitizbisht/Desktop/teamproject/cs34-main/Assets
GfxDevice: creating device client; threaded=0
2021-03-31 18:41:56.740 Unity[85488:3946341] Color LCD preferred device: Intel(R) Iris(TM) Plus Graphics (low power)
2021-03-31 18:41:56.740 Unity[85488:3946341] Metal devices available: 1
2021-03-31 18:41:56.740 Unity[85488:3946341] 0: Intel(R) Iris(TM) Plus Graphics (low power)
2021-03-31 18:41:56.740 Unity[85488:3946341] Using device Intel(R) Iris(TM) Plus Graphics (low power)
Initializing Metal device caps: Intel(R) Iris(TM) Plus Graphics
Shader 'Universal Render Pipeline/Particles/Lit': fallback shader 'Universal Render Pipeline/Particles/SimpleLit' not found
Initialize mono
Mono path[0] = '/Applications/Unity/Hub/Editor/2020.3.1f1/Unity.app/Contents/Managed'
Mono path[1] = '/Applications/Unity/Hub/Editor/2020.3.1f1/Unity.app/Contents/MonoBleedingEdge/lib/mono/unityjit'
Mono config path = '/Applications/Unity/Hub/Editor/2020.3.1f1/Unity.app/Contents/MonoBleedingEdge/etc'
Using monoOptions --debugger-agent=transport=dt_socket,embedding=1,server=y,suspend=n,address=127.0.0.1:56488
Begin MonoManager ReloadAssembly
Registering precompiled unity dll's ...
Register platform support module: /Applications/Unity/Hub/Editor/2020.3.1f1/Unity.app/Contents/PlaybackEngines/MacStandaloneSupport/UnityEditor.OSXStandalone.Extensions.dll
Register platform support module: /Applications/Unity/Hub/Editor/2020.3.1f1/PlaybackEngines/WindowsStandaloneSupport/UnityEditor.WindowsStandalone.Extensions.dll
Registered in 0.003724 seconds.
Native extension for WindowsStandalone target not found
Native extension for OSXStandalone target not found
Refreshing native plugins compatible for Editor in 59.73 ms, found 4 plugins.
Preloading 0 native plugins for Editor in 0.00 ms.
Invoked RoslynAnalysisRunner static constructor.
RoslynAnalysisRunner will not be running.
RoslynAnalysisRunner has terminated.
Mono: successfully reloaded assembly
- Completed reload, in  2.374 seconds
Platform modules already initialized, skipping
Registering precompiled user dll's ...
Registered in 0.018724 seconds.
Begin MonoManager ReloadAssembly
Native extension for WindowsStandalone target not found
Native extension for OSXStandalone target not found
Refreshing native plugins compatible for Editor in 55.32 ms, found 4 plugins.
Preloading 0 native plugins for Editor in 0.00 ms.
Invoked RoslynAnalysisRunner static constructor.
RoslynAnalysisRunner will not be running.
RoslynAnalysisRunner has terminated.
Mono: successfully reloaded assembly
- Completed reload, in  1.430 seconds
Platform modules already initialized, skipping
========================================================================
Worker process is ready to serve import requests
Shader 'Universal Render Pipeline/Particles/Lit': fallback shader 'Universal Render Pipeline/Particles/SimpleLit' not found
Launching external process: /Applications/Unity/Hub/Editor/2020.3.1f1/Unity.app/Contents/Tools/UnityShaderCompiler
Launched and connected shader compiler UnityShaderCompiler after 0.02 seconds
Refreshing native plugins compatible for Editor in 0.86 ms, found 4 plugins.
Preloading 0 native plugins for Editor in 0.00 ms.
Unloading 2107 Unused Serialized files (Serialized files now loaded: 0)
System memory in use before: 171.2 MB.
System memory in use after: 171.3 MB.

Unloading 95 unused Assets to reduce memory usage. Loaded Objects now: 2474.
Total: 2.439652 ms (FindLiveObjects: 0.232929 ms CreateObjectMapping: 0.077934 ms MarkObjects: 2.024869 ms  DeleteObjects: 0.100644 ms)

========================================================================
Received Import Request.
  path: Assets/TextMesh Pro/Fonts/Roboto-Regular SDF.asset
  artifactKey: Guid(81d69923503ae5b4d8d744b0214c9086) Importer(815301076,1909f56bfc062723c751e8b465ee728b)
Start importing Assets/TextMesh Pro/Fonts/Roboto-Regular SDF.asset using Guid(81d69923503ae5b4d8d744b0214c9086) Importer(815301076,1909f56bfc062723c751e8b465ee728b)  -> (artifact id: '110c393919de6ce5af385c1cce7ce98b') in 2.106458 seconds
  Import took 2.116335 seconds .

========================================================================
Received Import Request.
  Time since last request: 0.000474 seconds.
  path: Assets/TextMesh Pro/Fonts/Roboto-Light.ttf
  artifactKey: Guid(4ede79bf0ac630a499d105d824aac44c) Importer(815301076,1909f56bfc062723c751e8b465ee728b)
Start importing Assets/TextMesh Pro/Fonts/Roboto-Light.ttf using Guid(4ede79bf0ac630a499d105d824aac44c) Importer(815301076,1909f56bfc062723c751e8b465ee728b)  -> (artifact id: 'e983fc53172ef4574d9afe8e932748dd') in 2.093449 seconds
  Import took 2.099746 seconds .

========================================================================
Received Import Request.
  Time since last request: 0.000329 seconds.
  path: Assets/TextMesh Pro/Fonts/Roboto-Regular.ttf
  artifactKey: Guid(f540ceed8d5f7894ca5a964c533b6487) Importer(815301076,1909f56bfc062723c751e8b465ee728b)
Start importing Assets/TextMesh Pro/Fonts/Roboto-Regular.ttf using Guid(f540ceed8d5f7894ca5a964c533b6487) Importer(815301076,1909f56bfc062723c751e8b465ee728b)  -> (artifact id: '7c00b2d667a8e4b0de5c7be3a8e81c81') in 0.016468 seconds
  Import took 0.021755 seconds .

========================================================================
Received Import Request.
  Time since last request: 0.000249 seconds.
  path: Assets/TextMesh Pro/Fonts/Roboto-Light SDF.asset
  artifactKey: Guid(9aa9ac72fbfbf0846b40d0b1c803d5d9) Importer(815301076,1909f56bfc062723c751e8b465ee728b)
Start importing Assets/TextMesh Pro/Fonts/Roboto-Light SDF.asset using Guid(9aa9ac72fbfbf0846b40d0b1c803d5d9) Importer(815301076,1909f56bfc062723c751e8b465ee728b)  -> (artifact id: 'f13da6bcc00d6c401a540ddc6ae26ab3') in 0.055006 seconds
  Import took 0.061580 seconds .

========================================================================
Received Import Request.
  Time since last request: 0.000371 seconds.
  path: Assets/TextMesh Pro/Fonts/LiberationSans.ttf
  artifactKey: Guid(e3265ab4bf004d28a9537516768c1c75) Importer(815301076,1909f56bfc062723c751e8b465ee728b)
Start importing Assets/TextMesh Pro/Fonts/LiberationSans.ttf using Guid(e3265ab4bf004d28a9537516768c1c75) Importer(815301076,1909f56bfc062723c751e8b465ee728b)  -> (artifact id: '0dcc498a4a32968065e8fd40f68118dc') in 0.045646 seconds
  Import took 0.051553 seconds .

========================================================================
Received Import Request.
  Time since last request: 0.000301 seconds.
  path: Assets/TextMesh Pro/Fonts/OxygenMono-Regular.ttf
  artifactKey: Guid(c815f784f75931241be224e110a0ec76) Importer(815301076,1909f56bfc062723c751e8b465ee728b)
Start importing Assets/TextMesh Pro/Fonts/OxygenMono-Regular.ttf using Guid(c815f784f75931241be224e110a0ec76) Importer(815301076,1909f56bfc062723c751e8b465ee728b)  -> (artifact id: 'a166f00c0e4c906b07bba5cc6233d890') in 0.041267 seconds
  Import took 0.047122 seconds .

========================================================================
Received Import Request.
  Time since last request: 21.003803 seconds.
  path: Assets/TextMesh Pro
  artifactKey: Guid(f54d1bd14bd3ca042bd867b519fee8cc) Importer(815301076,1909f56bfc062723c751e8b465ee728b)
Start importing Assets/TextMesh Pro using Guid(f54d1bd14bd3ca042bd867b519fee8cc) Importer(815301076,1909f56bfc062723c751e8b465ee728b)  -> (artifact id: '4fe1e02b069bed39c508f869cad12467') in 0.001299 seconds
  Import took 0.007395 seconds .

========================================================================
Received Import Request.
  Time since last request: 1.765170 seconds.
  path: Assets/TextMesh Pro/Fonts
  artifactKey: Guid(6ab70aee4d56447429c680537fbf93ed) Importer(815301076,1909f56bfc062723c751e8b465ee728b)
Start importing Assets/TextMesh Pro/Fonts using Guid(6ab70aee4d56447429c680537fbf93ed) Importer(815301076,1909f56bfc062723c751e8b465ee728b)  -> (artifact id: 'b0050254a41424603d63ee1422c5403f') in 0.001315 seconds
  Import took 0.006477 seconds .

========================================================================
Received Prepare
Registering precompiled user dll's ...
Registered in 0.005313 seconds.
Begin MonoManager ReloadAssembly
Native extension for WindowsStandalone target not found
Native extension for OSXStandalone target not found
Refreshing native plugins compatible for Editor in 1.02 ms, found 4 plugins.
Preloading 0 native plugins for Editor in 0.00 ms.
Invoked RoslynAnalysisRunner static constructor.
RoslynAnalysisRunner will not be running.
RoslynAnalysisRunner has terminated.
Mono: successfully reloaded assembly
- Completed reload, in  1.307 seconds
Platform modules already initialized, skipping
Shader 'Universal Render Pipeline/Particles/Lit': fallback shader 'Universal Render Pipeline/Particles/SimpleLit' not found
Refreshing native plugins compatible for Editor in 1.02 ms, found 4 plugins.
Preloading 0 native plugins for Editor in 0.00 ms.
Unloading 1986 Unused Serialized files (Serialized files now loaded: 0)
System memory in use before: 179.9 MB.
System memory in use after: 180.0 MB.

Unloading 91 unused Assets to reduce memory usage. Loaded Objects now: 2560.
Total: 2.626953 ms (FindLiveObjects: 0.310839 ms CreateObjectMapping: 0.129315 ms MarkObjects: 2.136742 ms  DeleteObjects: 0.048352 ms)

========================================================================
Received Prepare
Shader 'Universal Render Pipeline/Particles/Lit': fallback shader 'Universal Render Pipeline/Particles/SimpleLit' not found
Refreshing native plugins compatible for Editor in 10.79 ms, found 4 plugins.
Preloading 0 native plugins for Editor in 0.00 ms.
Unloading 90 Unused Serialized files (Serialized files now loaded: 0)
System memory in use before: 142.6 MB.
System memory in use after: 142.7 MB.

Unloading 89 unused Assets to reduce memory usage. Loaded Objects now: 2560.
Total: 2.160626 ms (FindLiveObjects: 0.372336 ms CreateObjectMapping: 0.097818 ms MarkObjects: 1.650914 ms  DeleteObjects: 0.037986 ms)

AssetImportWorkerClient::OnTransportError - code=2 error=End of file
